Build started 15/3/2021 17:50:22.
     1>Project "c:\Users\andre\OneDrive\documentos\visual studio 2010\Projects\ejercicio10vector\ejercicio10vector\ejercicio10vector.vcxproj" on node 2 (build target(s)).
     1>InitializeBuildStatus:
         Creating "Debug\ejercicio10vector.unsuccessfulbuild" because "AlwaysCreate" was specified.
       ClCompile:
         All outputs are up-to-date.
         c:\Program Files (x86)\Microsoft Visual Studio 10.0\VC\bin\CL.exe /c /ZI /nologo /W3 /WX- /Od /Oy- /D WIN32 /D _DEBUG /D _CONSOLE /D _UNICODE /D UNICODE /Gm /EHsc /RTC1 /MDd /GS /fp:precise /Zc:wchar_t /Zc:forScope /Yu"StdAfx.h" /Fp"Debug\ejercicio10vector.pch" /Fo"Debug\\" /Fd"Debug\vc100.pdb" /Gd /TP /analyze- /errorReport:prompt Vectores.cpp
         Vectores.cpp
       ManifestResourceCompile:
         All outputs are up-to-date.
       Link:
         c:\Program Files (x86)\Microsoft Visual Studio 10.0\VC\bin\link.exe /ERRORREPORT:PROMPT /OUT:"c:\users\andre\onedrive\documentos\visual studio 2010\Projects\ejercicio10vector\Debug\ejercicio10vector.exe" /INCREMENTAL /NOLOGO kernel32.lib user32.lib gdi32.lib winspool.lib comdlg32.lib advapi32.lib shell32.lib ole32.lib oleaut32.lib uuid.lib odbc32.lib odbccp32.lib /MANIFEST /ManifestFile:"Debug\ejercicio10vector.exe.intermediate.manifest" /MANIFESTUAC:"level='asInvoker' uiAccess='false'" /DEBUG /PDB:"c:\users\andre\onedrive\documentos\visual studio 2010\Projects\ejercicio10vector\Debug\ejercicio10vector.pdb" /SUBSYSTEM:CONSOLE /TLBID:1 /DYNAMICBASE /NXCOMPAT /IMPLIB:"c:\users\andre\onedrive\documentos\visual studio 2010\Projects\ejercicio10vector\Debug\ejercicio10vector.lib" /MACHINE:X86 Debug\ejercicio10vector.exe.embed.manifest.res
         Debug\ejercicio10vector.obj
         Debug\stdafx.obj
         Debug\Vectores.obj
       Manifest:
         C:\Program Files (x86)\Microsoft SDKs\Windows\v7.0A\bin\mt.exe /nologo /verbose /out:"Debug\ejercicio10vector.exe.embed.manifest" /manifest Debug\ejercicio10vector.exe.intermediate.manifest
         All outputs are up-to-date.
       LinkEmbedManifest:
         All outputs are up-to-date.
         ejercicio10vector.vcxproj -> c:\users\andre\onedrive\documentos\visual studio 2010\Projects\ejercicio10vector\Debug\ejercicio10vector.exe
       FinalizeBuildStatus:
         Deleting file "Debug\ejercicio10vector.unsuccessfulbuild".
         Touching "Debug\ejercicio10vector.lastbuildstate".
     1>Done Building Project "c:\Users\andre\OneDrive\documentos\visual studio 2010\Projects\ejercicio10vector\ejercicio10vector\ejercicio10vector.vcxproj" (build target(s)).

Build succeeded.

Time Elapsed 00:00:01.57
